\BOOKMARK [0][-]{chapter.1}{\376\377\0001\000\040\000I\000n\000t\000r\000o\000d\000u\000c\000t\000i\000o\000n}{}% 1
\BOOKMARK [0][-]{chapter.2}{\376\377\0002\000\040\000R\000e\000l\000a\000t\000e\000d\000\040\000w\000o\000r\000k}{}% 2
\BOOKMARK [1][-]{section.2.1}{\376\377\0002\000.\0001\000\040\000\040\000R\000u\000n\000n\000i\000n\000g\000\040\000l\000i\000b\000r\000a\000r\000y\000\040\000\050\000P\000y\000G\000a\000m\000e\000\051}{chapter.2}% 3
\BOOKMARK [1][-]{section.2.2}{\376\377\0002\000.\0002\000\040\000A\000I\000\040\000l\000i\000b\000r\000a\000r\000y\000\040\000\050\000N\000.\000E\000.\000A\000.\000T\000\040\000A\000l\000g\000o\000r\000i\000t\000h\000m\000\051}{chapter.2}% 4
\BOOKMARK [0][-]{chapter.3}{\376\377\0003\000\040\000T\000i\000m\000e\000l\000i\000n\000e}{}% 5
\BOOKMARK [1][-]{section.3.1}{\376\377\0003\000.\0001\000\040\000D\000e\000v\000e\000l\000o\000p\000\040\000t\000h\000e\000\040\000g\000a\000m\000e}{chapter.3}% 6
\BOOKMARK [2][-]{subsection.3.1.1}{\376\377\0003\000.\0001\000.\0001\000\040\000W\000a\000v\000e\000\040\000f\000u\000n\000c\000t\000i\000o\000n\000a\000l\000i\000t\000y}{section.3.1}% 7
\BOOKMARK [2][-]{subsection.3.1.2}{\376\377\0003\000.\0001\000.\0002\000\040\000B\000a\000l\000l\000\040\000f\000u\000n\000c\000t\000i\000o\000n\000a\000l\000i\000t\000y}{section.3.1}% 8
\BOOKMARK [1][-]{section.3.2}{\376\377\0003\000.\0002\000\040\000D\000i\000s\000p\000l\000a\000y\000\040\000t\000h\000e\000\040\000g\000a\000m\000e}{chapter.3}% 9
\BOOKMARK [2][-]{subsection.3.2.1}{\376\377\0003\000.\0002\000.\0001\000\040\000D\000r\000a\000w}{section.3.2}% 10
\BOOKMARK [2][-]{subsection.3.2.2}{\376\377\0003\000.\0002\000.\0002\000\040\000C\000o\000l\000l\000i\000s\000i\000o\000n}{section.3.2}% 11
\BOOKMARK [2][-]{subsection.3.2.3}{\376\377\0003\000.\0002\000.\0003\000\040\000M\000o\000v\000e\000\040\000b\000a\000l\000l}{section.3.2}% 12
\BOOKMARK [2][-]{subsection.3.2.4}{\376\377\0003\000.\0002\000.\0004\000\040\000C\000o\000u\000n\000t\000\040\000d\000i\000s\000t\000a\000n\000c\000e}{section.3.2}% 13
\BOOKMARK [2][-]{subsection.3.2.5}{\376\377\0003\000.\0002\000.\0005\000\040\000S\000h\000o\000w\000\040\000V\000i\000s\000i\000o\000n}{section.3.2}% 14
\BOOKMARK [2][-]{subsection.3.2.6}{\376\377\0003\000.\0002\000.\0006\000\040\000L\000o\000o\000p}{section.3.2}% 15
\BOOKMARK [2][-]{subsection.3.2.7}{\376\377\0003\000.\0002\000.\0007\000\040\000R\000e\000s\000e\000t}{section.3.2}% 16
\BOOKMARK [1][-]{section.3.3}{\376\377\0003\000.\0003\000\040\000C\000r\000e\000a\000t\000e\000\040\000A\000I}{chapter.3}% 17
\BOOKMARK [2][-]{subsection.3.3.1}{\376\377\0003\000.\0003\000.\0001\000\040\0001\0000\0001\000\040\000A\000I}{section.3.3}% 18
\BOOKMARK [2][-]{subsection.3.3.2}{\376\377\0003\000.\0003\000.\0002\000\040\000T\000w\000e\000a\000k\000\040\000A\000I}{section.3.3}% 19
\BOOKMARK [2][-]{subsection.3.3.3}{\376\377\0003\000.\0003\000.\0003\000\040\000O\000b\000s\000e\000r\000v\000a\000t\000i\000o\000n}{section.3.3}% 20
\BOOKMARK [2][-]{subsection.3.3.4}{\376\377\0003\000.\0003\000.\0004\000\040\000E\000x\000p\000l\000a\000i\000n\000\040\000t\000h\000e\000\040\000l\000o\000g}{section.3.3}% 21
\BOOKMARK [0][-]{chapter.4}{\376\377\0004\000\040\000T\000e\000s\000t\000i\000n\000g}{}% 22
\BOOKMARK [0][-]{chapter.5}{\376\377\0005\000\040\000S\000u\000m\000m\000a\000r\000y}{}% 23
